OpenROAD v2.0-14511-gedb4e7e37 
Features included (+) or not (-): +Charts +GPU +GUI +Python
This program is licensed under the BSD-3 license. See the LICENSE file for details.
Components of this program may be licensed under more restrictive licenses which must be honored.
Report metrics stage 3, resizer pre...
Warning: There are 10 unconstrained endpoints.

==========================================================================
resizer pre report_design_area
--------------------------------------------------------------------------
Design area 19617 u^2 58% utilization.
Perform port buffering...
[INFO RSZ-0027] Inserted 6 input buffers.
[INFO RSZ-0028] Inserted 14 output buffers.
Perform buffer insertion...
[INFO RSZ-0058] Using max wire length 15963um.
[INFO RSZ-0035] Found 31 fanout violations.
[INFO RSZ-0038] Inserted 66 buffers in 31 nets.
[INFO RSZ-0039] Resized 97 instances.
Repair tie lo fanout...
[INFO RSZ-0042] Inserted 3 tie sg13g2_tielo instances.
Repair tie hi fanout...
[INFO RSZ-0042] Inserted 195 tie sg13g2_tiehi instances.
Floating nets: 
Report metrics stage 3, resizer...
Warning: There are 10 unconstrained endpoints.

==========================================================================
resizer report_design_area
--------------------------------------------------------------------------
Design area 21798 u^2 64% utilization.
Instance count before 1210, after 1492
Pin count before 4601, after 4969
Elapsed time: 0:01.98[h:]min:sec. CPU time: user 1.92 sys 0.04 (99%). Peak memory: 97420KB.
