OpenROAD v2.0-14511-gedb4e7e37 
Features included (+) or not (-): +Charts +GPU +GUI +Python
This program is licensed under the BSD-3 license. See the LICENSE file for details.
Components of this program may be licensed under more restrictive licenses which must be honored.
[WARNING DPL-0038] No 1-site fill cells detected.  To remove 1-site gaps use the -disallow_one_site_gaps flag.
Placement Analysis
---------------------------------
total displacement       6823.4 u
average displacement        4.6 u
max displacement           37.0 u
original HPWL           25667.9 u
legalized HPWL          32510.6 u
delta HPWL                   27 %

Detailed placement improvement.
Importing netlist into detailed improver.
[INFO DPO-0100] Creating network with 1492 cells, 43 terminals, 1699 edges, 5012 pins, and 0 blockages.
[INFO DPO-0109] Network stats: inst 1535, edges 1699, pins 5012
[INFO DPO-0110] Number of regions is 1
[INFO DPO-0401] Setting random seed to 1.
[INFO DPO-0402] Setting maximum displacement 5 1 to 18900 3780 units.
[INFO DPO-0320] Collected 43 fixed cells.
[INFO DPO-0318] Collected 1492 single height cells.
[INFO DPO-0321] Collected 0 wide cells.
[INFO DPO-0322] Image (2880, 3780) - (157920, 223020)
[INFO DPO-0310] Assigned 1492 cells into segments.  Movement in X-direction is 0.000000, movement in Y-direction is 0.000000.
[INFO DPO-0313] Found 0 cells in wrong regions.
[INFO DPO-0315] Found 0 row alignment problems.
[INFO DPO-0314] Found 0 site alignment problems.
[INFO DPO-0311] Found 0 overlaps between adjacent cells.
[INFO DPO-0312] Found 0 edge spacing violations and 0 padding violations.
[INFO DPO-0303] Running algorithm for independent set matching.
[INFO DPO-0300] Set matching objective is wirelength.
[INFO DPO-0301] Pass   1 of matching; objective is 3.273535e+07.
[INFO DPO-0302] End of matching; objective is 3.252988e+07, improvement is 0.63 percent.
[INFO DPO-0303] Running algorithm for global swaps.
[INFO DPO-0306] Pass   1 of global swaps; hpwl is 3.182839e+07.
[INFO DPO-0306] Pass   2 of global swaps; hpwl is 3.165296e+07.
[INFO DPO-0307] End of global swaps; objective is 3.165296e+07, improvement is 2.70 percent.
[INFO DPO-0303] Running algorithm for vertical swaps.
[INFO DPO-0308] Pass   1 of vertical swaps; hpwl is 3.151352e+07.
[INFO DPO-0309] End of vertical swaps; objective is 3.151352e+07, improvement is 0.44 percent.
[INFO DPO-0303] Running algorithm for reordering.
[INFO DPO-0304] Pass   1 of reordering; objective is 3.096527e+07.
[INFO DPO-0304] Pass   2 of reordering; objective is 3.078318e+07.
[INFO DPO-0305] End of reordering; objective is 3.078318e+07, improvement is 2.32 percent.
[INFO DPO-0303] Running algorithm for random improvement.
[INFO DPO-0324] Random improver is using displacement generator.
[INFO DPO-0325] Random improver is using hpwl objective.
[INFO DPO-0326] Random improver cost string is (a).
[INFO DPO-0332] End of pass, Generator displacement called 29840 times.
[INFO DPO-0335] Generator displacement, Cumulative attempts 29840, swaps 7808, moves  1626 since last reset.
[INFO DPO-0333] End of pass, Objective hpwl, Initial cost 3.042354e+07, Scratch cost 2.999606e+07, Incremental cost 2.999606e+07, Mismatch? N
[INFO DPO-0338] End of pass, Total cost is 2.999606e+07.
[INFO DPO-0327] Pass   1 of random improver; improvement in cost is 1.41 percent.
[INFO DPO-0332] End of pass, Generator displacement called 29840 times.
[INFO DPO-0335] Generator displacement, Cumulative attempts 59680, swaps 15350, moves  3353 since last reset.
[INFO DPO-0333] End of pass, Objective hpwl, Initial cost 2.999606e+07, Scratch cost 2.986350e+07, Incremental cost 2.986350e+07, Mismatch? N
[INFO DPO-0338] End of pass, Total cost is 2.986350e+07.
[INFO DPO-0327] Pass   2 of random improver; improvement in cost is 0.44 percent.
[INFO DPO-0328] End of random improver; improvement is 1.840828 percent.
[INFO DPO-0380] Cell flipping.
[INFO DPO-0382] Changed 755 cell orientations for row compatibility.
[INFO DPO-0383] Performed 509 cell flips.
[INFO DPO-0384] End of flipping; objective is 2.960637e+07, improvement is 2.04 percent.
[INFO DPO-0313] Found 0 cells in wrong regions.
[INFO DPO-0315] Found 0 row alignment problems.
[INFO DPO-0314] Found 0 site alignment problems.
[INFO DPO-0311] Found 0 overlaps between adjacent cells.
[INFO DPO-0312] Found 0 edge spacing violations and 0 padding violations.
Detailed Improvement Results
------------------------------------------
Original HPWL            32510.6 u
Final HPWL               29368.4 u
Delta HPWL                  -9.7 %

[INFO DPL-0020] Mirrored 69 instances
[INFO DPL-0021] HPWL before           29368.4 u
[INFO DPL-0022] HPWL after            29349.0 u
[INFO DPL-0023] HPWL delta               -0.1 %
[INFO FLW-0012] Placement violations .
Report metrics stage 3, detailed place...
Warning: There are 10 unconstrained endpoints.

==========================================================================
detailed place report_design_area
--------------------------------------------------------------------------
Design area 21798 u^2 64% utilization.
Elapsed time: 0:02.10[h:]min:sec. CPU time: user 1.99 sys 0.05 (97%). Peak memory: 94216KB.
