OpenROAD v2.0-14511-gedb4e7e37 
Features included (+) or not (-): +Charts +GPU +GUI +Python
This program is licensed under the BSD-3 license. See the LICENSE file for details.
Components of this program may be licensed under more restrictive licenses which must be honored.
global_route -guide_file /work/results/ihp-sg13g2/ttsimon/base/route.guide -congestion_report_file /work/reports/ihp-sg13g2/ttsimon/base/congestion.rpt -congestion_iterations 30 -congestion_report_iter_step 5 -verbose
[INFO GRT-0020] Min routing layer: Metal2
[INFO GRT-0021] Max routing layer: Metal5
[INFO GRT-0022] Global adjustment: 0%
[INFO GRT-0023] Grid origin: (0, 0)
[INFO GRT-0043] No OR_DEFAULT vias defined.
[INFO GRT-0088] Layer Metal1  Track-Pitch = 0.4790  line-2-Via Pitch: 0.3650
[INFO GRT-0088] Layer Metal2  Track-Pitch = 0.4200  line-2-Via Pitch: 0.4100
[INFO GRT-0088] Layer Metal3  Track-Pitch = 0.4790  line-2-Via Pitch: 0.4100
[INFO GRT-0088] Layer Metal4  Track-Pitch = 0.4200  line-2-Via Pitch: 0.4100
[INFO GRT-0088] Layer Metal5  Track-Pitch = 3.4050  line-2-Via Pitch: 0.4100
[INFO GRT-0019] Found 18 clock nets.
[INFO GRT-0001] Minimum degree: 2
[INFO GRT-0002] Maximum degree: 18
[INFO GRT-0003] Macros: 0
[INFO GRT-0043] No OR_DEFAULT vias defined.
[INFO GRT-0004] Blockages: 2

[INFO GRT-0053] Routing resources analysis:
          Routing      Original      Derated      Resource
Layer     Direction    Resources     Resources    Reduction (%)
---------------------------------------------------------------
Metal1     Vertical            0             0          0.00%
Metal2     Horizontal      11595         10309          11.09%
Metal3     Vertical        10551          9335          11.52%
Metal4     Horizontal      11595         10512          9.34%
Metal5     Vertical         1382           636          53.98%
---------------------------------------------------------------

[INFO GRT-0101] Running extra iterations to remove overflow.
[INFO GRT-0197] Via related to pin nodes: 8364
[INFO GRT-0198] Via related Steiner nodes: 160
[INFO GRT-0199] Via filling finished.
[INFO GRT-0111] Final number of vias: 10413
[INFO GRT-0112] Final usage 3D: 36305

[INFO GRT-0096] Final congestion report:
Layer         Resource        Demand        Usage (%)    Max H / Max V / Total Overflow
---------------------------------------------------------------------------------------
Metal1               0             0            0.00%             0 /  0 /  0
Metal2           10309          2201           21.35%             0 /  0 /  0
Metal3            9335          2839           30.41%             0 /  0 /  0
Metal4           10512            18            0.17%             0 /  0 /  0
Metal5             636             8            1.26%             0 /  0 /  0
---------------------------------------------------------------------------------------
Total            30792          5066           16.45%             0 /  0 /  0

[INFO GRT-0018] Total wirelength: 61482 um
[INFO GRT-0014] Routed nets: 1539
Report metrics stage 5, global route pre repair design...
Warning: There are 10 unconstrained endpoints.

==========================================================================
global route pre repair design report_design_area
--------------------------------------------------------------------------
Design area 22221 u^2 65% utilization.
Perform buffer insertion...
[INFO RSZ-0058] Using max wire length 15963um.
Report metrics stage 5, global route post repair design...
Warning: There are 10 unconstrained endpoints.

==========================================================================
global route post repair design report_design_area
--------------------------------------------------------------------------
Design area 22221 u^2 65% utilization.
[WARNING DPL-0038] No 1-site fill cells detected.  To remove 1-site gaps use the -disallow_one_site_gaps flag.
Placement Analysis
---------------------------------
total displacement          0.0 u
average displacement        0.0 u
max displacement            0.0 u
original HPWL           32526.9 u
legalized HPWL          32526.9 u
delta HPWL                    0 %

Repair setup and hold violations...
[INFO RSZ-0033] No hold violations found.
Report metrics stage 5, global route post repair timing...
Warning: There are 10 unconstrained endpoints.

==========================================================================
global route post repair timing report_design_area
--------------------------------------------------------------------------
Design area 22221 u^2 65% utilization.
[WARNING DPL-0038] No 1-site fill cells detected.  To remove 1-site gaps use the -disallow_one_site_gaps flag.
Placement Analysis
---------------------------------
total displacement          0.0 u
average displacement        0.0 u
max displacement            0.0 u
original HPWL           32526.9 u
legalized HPWL          32526.9 u
delta HPWL                    0 %

Repair antennas...
[WARNING GRT-0246] No diode with LEF class CORE ANTENNACELL found.
[INFO ANT-0002] Found 1 net violations.
[INFO ANT-0001] Found 1 pin violations.
Estimate parasitics...
Report metrics stage 5, global route...
Warning: There are 10 unconstrained endpoints.

==========================================================================
global route report_design_area
--------------------------------------------------------------------------
Design area 22221 u^2 65% utilization.
[INFO FLW-0007] clock core_clock period 10.400001
[INFO FLW-0008] Clock core_clock period 2.913
[INFO FLW-0009] Clock core_clock slack 7.333
[INFO FLW-0011] Path endpoint count 382
Elapsed time: 0:06.31[h:]min:sec. CPU time: user 6.14 sys 0.11 (99%). Peak memory: 166044KB.
