OpenROAD v2.0-14511-gedb4e7e37 
Features included (+) or not (-): +Charts +GPU +GUI +Python
This program is licensed under the BSD-3 license. See the LICENSE file for details.
Components of this program may be licensed under more restrictive licenses which must be honored.
[WARNING FIN-0010] Skipping layer OVERLAP.
[WARNING FIN-0010] Skipping layer LOCKED.
[WARNING FIN-0010] Skipping layer LOCKED1.
[WARNING FIN-0010] Skipping layer LOCKED2.
[WARNING FIN-0010] Skipping layer GatPoly.
[WARNING FIN-0010] Skipping layer Cont.
[INFO FIN-0003] Filling layer Metal1.
[INFO FIN-0009] Filling 650 areas with non-OPC fill.
[INFO FIN-0004] Total fills: 0.
[WARNING FIN-0010] Skipping layer Via1.
[INFO FIN-0003] Filling layer Metal2.
[INFO FIN-0009] Filling 466 areas with non-OPC fill.
[INFO FIN-0004] Total fills: 99.
[WARNING FIN-0010] Skipping layer Via2.
[INFO FIN-0003] Filling layer Metal3.
[INFO FIN-0009] Filling 293 areas with non-OPC fill.
[INFO FIN-0004] Total fills: 264.
[WARNING FIN-0010] Skipping layer Via3.
[INFO FIN-0003] Filling layer Metal4.
[INFO FIN-0009] Filling 1 areas with non-OPC fill.
[INFO FIN-0004] Total fills: 1568.
[WARNING FIN-0010] Skipping layer Via4.
[INFO FIN-0003] Filling layer Metal5.
[INFO FIN-0009] Filling 5 areas with non-OPC fill.
[INFO FIN-0004] Total fills: 2975.
[WARNING FIN-0010] Skipping layer TopVia1.
[INFO FIN-0003] Filling layer TopMetal1.
[INFO FIN-0009] Filling 7 areas with non-OPC fill.
[INFO FIN-0004] Total fills: 3179.
[WARNING FIN-0010] Skipping layer TopVia2.
[INFO FIN-0003] Filling layer TopMetal2.
[INFO FIN-0009] Filling 1 areas with non-OPC fill.
[INFO FIN-0004] Total fills: 3502.
Elapsed time: 0:00.49[h:]min:sec. CPU time: user 0.45 sys 0.02 (98%). Peak memory: 97308KB.
