OpenROAD v2.0-14511-gedb4e7e37 
Features included (+) or not (-): +Charts +GPU +GUI +Python
This program is licensed under the BSD-3 license. See the LICENSE file for details.
Components of this program may be licensed under more restrictive licenses which must be honored.
[INFO] Deleted 0 routing obstructions
[INFO RCX-0431] Defined process_corner X with ext_model_index 0
[INFO RCX-0029] Defined extraction corner X
[INFO RCX-0008] extracting parasitics of ttsimon ...
[INFO RCX-0435] Reading extraction model file /OpenROAD-flow-scripts/flow//platforms/ihp-sg13g2/rcx_patterns.rules ...
[INFO RCX-0436] RC segment generation ttsimon (max_merge_res 50.0) ...
[INFO RCX-0040] Final 6500 rc segments
[INFO RCX-0439] Coupling Cap extraction ttsimon ...
[INFO RCX-0440] Coupling threshhold is 0.1000 fF, coupling capacitance less than 0.1000 fF will be grounded.
[INFO RCX-0043] 9997 wires to be extracted
[INFO RCX-0442] 50% completion -- 5007 wires have been extracted
[INFO RCX-0442] 100% completion -- 9997 wires have been extracted
[INFO RCX-0045] Extract 1716 nets, 8038 rsegs, 8038 caps, 11145 ccs
[INFO RCX-0015] Finished extracting ttsimon.
[INFO RCX-0016] Writing SPEF ...
[INFO RCX-0443] 1716 nets finished
[INFO RCX-0017] Finished writing SPEF ...
[INFO PSM-0040] All shapes on net VDD are connected.
########## IR report #################
Net              : VDD
Corner           : default
Supply voltage   : 1.20e+00 V
Worstcase voltage: 1.20e+00 V
Average voltage  : 1.20e+00 V
Average IR drop  : 1.50e-05 V
Worstcase IR drop: 3.26e-05 V
Percentage drop  : 0.00 %
######################################
[INFO PSM-0040] All shapes on net VSS are connected.
########## IR report #################
Net              : VSS
Corner           : default
Supply voltage   : 0.00e+00 V
Worstcase voltage: 3.96e-05 V
Average voltage  : 1.50e-05 V
Average IR drop  : 1.50e-05 V
Worstcase IR drop: 3.96e-05 V
Percentage drop  : 0.00 %
######################################
Cell usage report:
  Others: 2332
  Buffer/inverters: 58
  Clock buffer/inverters: 32
  Timing Repair Buffer/inverters: 86
  Sequential cells: 188
  Multi-Input combinational cells: 1160
  Total: 3856
Report metrics stage 6, finish...
Warning: There are 10 unconstrained endpoints.

==========================================================================
finish report_design_area
--------------------------------------------------------------------------
Design area 33991 u^2 100% utilization.
[WARNING GUI-0076] QStandardPaths: wrong permissions on runtime directory /tmp/xdg-run, 0755 instead of 0700
Elapsed time: 0:03.23[h:]min:sec. CPU time: user 3.16 sys 0.12 (101%). Peak memory: 239208KB.
